\BOOKMARK [0][-]{chapter.1}{Introduction}{}% 1
\BOOKMARK [0][-]{chapter.2}{Project Description}{}% 2
\BOOKMARK [1][-]{section.2.1}{Detailed project description}{chapter.2}% 3
\BOOKMARK [1][-]{section.2.2}{Beneficiaries of the project}{chapter.2}% 4
\BOOKMARK [1][-]{section.2.3}{Detailed analysis}{chapter.2}% 5
\BOOKMARK [1][-]{section.2.4}{Techniques description}{chapter.2}% 6
\BOOKMARK [2][-]{subsection.2.4.1}{Images techniques}{section.2.4}% 7
\BOOKMARK [2][-]{subsection.2.4.2}{Videos techniques}{section.2.4}% 8
\BOOKMARK [0][-]{chapter.3}{Project planning}{}% 9
\BOOKMARK [1][-]{section.3.1}{Task breakdown structure}{chapter.3}% 10
\BOOKMARK [1][-]{section.3.2}{Time plan and Gant chart}{chapter.3}% 11
\BOOKMARK [0][-]{chapter.4}{System Design And Architecture}{}% 12
\BOOKMARK [1][-]{section.4.1}{System architecture}{chapter.4}% 13
\BOOKMARK [1][-]{section.4.2}{Multimedia database design}{chapter.4}% 14
\BOOKMARK [2][-]{subsection.4.2.1}{The purpose of our data base}{section.4.2}% 15
\BOOKMARK [2][-]{subsection.4.2.2}{Required information}{section.4.2}% 16
\BOOKMARK [2][-]{subsection.4.2.3}{Database Schema}{section.4.2}% 17
\BOOKMARK [2][-]{subsection.4.2.4}{Primary keys and foriegn keys}{section.4.2}% 18
\BOOKMARK [1][-]{section.4.3}{System design}{chapter.4}% 19
\BOOKMARK [1][-]{section.4.4}{Testing scenarios and results}{chapter.4}% 20
